Change Component Footprint: Designator=R4 Old Footprint=AXIAL0.3 New Footprint=RS 1/4W
Change Component Footprint: Designator=R5 Old Footprint=AXIAL0.3 New Footprint=RS 1/4W
Change Component Footprint: Designator=R6 Old Footprint=AXIAL0.3 New Footprint=RS 1/4W
Change Component Footprint: Designator=R7 Old Footprint=AXIAL0.3 New Footprint=RS 1/4W
Change Component Footprint: Designator=R8 Old Footprint=AXIAL0.3 New Footprint=RS 1/4W
Change Component Footprint: Designator=R1 Old Footprint=AXIAL-0.4 New Footprint=RS 1/4W
Change Component Footprint: Designator=R2 Old Footprint=AXIAL-0.4 New Footprint=RS 1/4W
Change Component Footprint: Designator=R3 Old Footprint=AXIAL-0.4 New Footprint=RS 1/4W
Change Component Footprint: Designator=U1 Old Footprint=DIP40 New Footprint=DIP40-600_MH´øµ××ù
Change Component Footprint: Designator=DS1 Old Footprint=H New Footprint=SEG1_1_5611
Change Component Footprint: Designator=DS2 Old Footprint=H New Footprint=SEG1_1_5611
Change Component Footprint: Designator=DS3 Old Footprint=H New Footprint=SEG1_1_5611
Change Component Footprint: Designator=DS4 Old Footprint=H New Footprint=SEG1_1_5611
Change Component Footprint: Designator=P1 Old Footprint=HDR1X2 New Footprint=XH2.54-2P
Change Component Footprint: Designator=Y1 Old Footprint=R38 New Footprint=cryÎÔÊ½
Change Component Footprint: Designator=C1 Old Footprint=RAD0.1 New Footprint=MLCC5.08-A
Change Component Footprint: Designator=C2 Old Footprint=RAD0.1 New Footprint=MLCC5.08-A
Change Component Footprint: Designator=C3 Old Footprint=RB.2/.4 New Footprint=CAP 1.5*4*8
Change Component Footprint: Designator=S1 Old Footprint=SPST-2 New Footprint=TSW DIP-6*6*6
Change Component Footprint: Designator=S2 Old Footprint=SPST-2 New Footprint=TSW DIP-6*6*6
Change Component Footprint: Designator=S3 Old Footprint=SPST-2 New Footprint=TSW DIP-6*6*6
Change Component Footprint: Designator=S4 Old Footprint=SPST-2 New Footprint=TSW DIP-6*6*6
Change Component Footprint: Designator=Q1 Old Footprint=TO-92A New Footprint=to-92
Change Component Footprint: Designator=Q2 Old Footprint=TO-92A New Footprint=to-92
Change Component Footprint: Designator=Q3 Old Footprint=TO-92A New Footprint=to-92
Change Component Footprint: Designator=Q4 Old Footprint=TO-92A New Footprint=to-92
Added Member To Class: ClassName=electronic_stopwatch Member=Component Q1 2N3906
Added Member To Class: ClassName=electronic_stopwatch Member=Component Q2 2N3906
Added Member To Class: ClassName=electronic_stopwatch Member=Component Q3 2N3906
Added Member To Class: ClassName=electronic_stopwatch Member=Component Q4 2N3906
Added Room: Name=electronic_stopwatch
